{
"contracts/TicTacAvax.sol":{"l":{"22":30,"26":29,"30":29,"31":28,"32":27,"33":26,"39":9,"43":8,"47":7,"49":6,"50":6,"51":6,"52":6,"53":6,"54":6,"56":6,"63":26,"65":25,"66":25,"68":25,"69":3,"70":3,"71":3,"72":3,"74":1,"75":1,"77":21,"80":25,"81":25,"85":26,"86":72,"94":3,"97":23,"105":0,"107":23,"111":22,"112":32,"113":85,"114":21,"118":1,"122":4,"127":3,"128":9,"129":9,"133":3,"134":3,"135":3,"136":3,"137":3,"138":3,"139":3,"141":3,"145":1},"path":"/Users/salviega/tic-tac-avax/tic-tac-avax-contracts/contracts/TicTacAvax.sol","s":{"1":30,"2":29,"3":28,"4":27,"5":9,"6":8,"7":7,"8":6,"9":26,"10":25,"11":25,"12":3,"13":22,"14":1,"15":26,"16":72,"17":3,"18":23,"19":0,"20":23,"21":22,"22":32,"23":85,"24":21,"25":1,"26":4,"27":3,"28":9,"29":3,"30":1},"b":{"1":[29,1],"2":[17,12],"3":[28,1],"4":[27,1],"5":[26,1],"6":[8,1],"7":[7,1],"8":[6,1],"9":[29,1],"10":[26,3],"11":[25,1],"12":[3,22],"13":[1,21],"14":[3,69],"15":[0,3],"16":[0,23],"17":[0,0],"18":[21,64],"19":[3,1],"20":[2,1]},"f":{"1":30,"2":29,"3":1,"4":9,"5":26,"6":26,"7":22,"8":4,"9":1},"fnMap":{"1":{"name":"onlyPlayers","line":21,"loc":{"start":{"line":21,"column":1},"end":{"line":27,"column":1}}},"2":{"name":"validMove","line":29,"loc":{"start":{"line":29,"column":1},"end":{"line":34,"column":1}}},"3":{"name":"constructor","line":36,"loc":{"start":{"line":36,"column":1},"end":{"line":36,"column":16}}},"4":{"name":"startGame","line":38,"loc":{"start":{"line":38,"column":1},"end":{"line":57,"column":1}}},"5":{"name":"makeMove","line":62,"loc":{"start":{"line":59,"column":1},"end":{"line":82,"column":1}}},"6":{"name":"checkWin","line":84,"loc":{"start":{"line":84,"column":1},"end":{"line":108,"column":1}}},"7":{"name":"checkDraw","line":110,"loc":{"start":{"line":110,"column":1},"end":{"line":119,"column":1}}},"8":{"name":"resetGame","line":121,"loc":{"start":{"line":121,"column":1},"end":{"line":142,"column":1}}},"9":{"name":"getBoard","line":144,"loc":{"start":{"line":144,"column":1},"end":{"line":146,"column":1}}}},"statementMap":{"1":{"start":{"line":22,"column":2},"end":{"line":22,"column":537}},"2":{"start":{"line":30,"column":2},"end":{"line":30,"column":32}},"3":{"start":{"line":31,"column":2},"end":{"line":31,"column":44}},"4":{"start":{"line":32,"column":2},"end":{"line":32,"column":52}},"5":{"start":{"line":39,"column":2},"end":{"line":39,"column":913}},"6":{"start":{"line":43,"column":2},"end":{"line":43,"column":1012}},"7":{"start":{"line":47,"column":2},"end":{"line":47,"column":61}},"8":{"start":{"line":56,"column":2},"end":{"line":56,"column":40}},"9":{"start":{"line":63,"column":2},"end":{"line":63,"column":63}},"10":{"start":{"line":66,"column":2},"end":{"line":66,"column":37}},"11":{"start":{"line":68,"column":2},"end":{"line":68,"column":1604}},"12":{"start":{"line":72,"column":3},"end":{"line":72,"column":27}},"13":{"start":{"line":73,"column":9},"end":{"line":73,"column":1737}},"14":{"start":{"line":75,"column":3},"end":{"line":75,"column":18}},"15":{"start":{"line":85,"column":2},"end":{"line":85,"column":1963}},"16":{"start":{"line":86,"column":3},"end":{"line":86,"column":1999}},"17":{"start":{"line":94,"column":4},"end":{"line":94,"column":15}},"18":{"start":{"line":97,"column":2},"end":{"line":97,"column":2227}},"19":{"start":{"line":105,"column":3},"end":{"line":105,"column":14}},"20":{"start":{"line":107,"column":2},"end":{"line":107,"column":14}},"21":{"start":{"line":111,"column":2},"end":{"line":111,"column":2516}},"22":{"start":{"line":112,"column":3},"end":{"line":112,"column":2552}},"23":{"start":{"line":113,"column":4},"end":{"line":113,"column":2589}},"24":{"start":{"line":114,"column":5},"end":{"line":114,"column":17}},"25":{"start":{"line":118,"column":2},"end":{"line":118,"column":20}},"26":{"start":{"line":122,"column":2},"end":{"line":122,"column":2704}},"27":{"start":{"line":127,"column":2},"end":{"line":127,"column":2835}},"28":{"start":{"line":128,"column":3},"end":{"line":128,"column":2871}},"29":{"start":{"line":141,"column":2},"end":{"line":141,"column":18}},"30":{"start":{"line":145,"column":2},"end":{"line":145,"column":14}}},"branchMap":{"1":{"line":22,"type":"if","locations":[{"start":{"line":22,"column":2},"end":{"line":22,"column":2}},{"start":{"line":22,"column":2},"end":{"line":22,"column":2}}]},"2":{"line":23,"type":"cond-expr","locations":[{"start":{"line":23,"column":3},"end":{"line":23,"column":26}},{"start":{"line":23,"column":31},"end":{"line":23,"column":54}}]},"3":{"line":30,"type":"if","locations":[{"start":{"line":30,"column":2},"end":{"line":30,"column":2}},{"start":{"line":30,"column":2},"end":{"line":30,"column":2}}]},"4":{"line":31,"type":"if","locations":[{"start":{"line":31,"column":2},"end":{"line":31,"column":2}},{"start":{"line":31,"column":2},"end":{"line":31,"column":2}}]},"5":{"line":32,"type":"if","locations":[{"start":{"line":32,"column":2},"end":{"line":32,"column":2}},{"start":{"line":32,"column":2},"end":{"line":32,"column":2}}]},"6":{"line":39,"type":"if","locations":[{"start":{"line":39,"column":2},"end":{"line":39,"column":2}},{"start":{"line":39,"column":2},"end":{"line":39,"column":2}}]},"7":{"line":43,"type":"if","locations":[{"start":{"line":43,"column":2},"end":{"line":43,"column":2}},{"start":{"line":43,"column":2},"end":{"line":43,"column":2}}]},"8":{"line":47,"type":"if","locations":[{"start":{"line":47,"column":2},"end":{"line":47,"column":2}},{"start":{"line":47,"column":2},"end":{"line":47,"column":2}}]},"9":{"line":62,"type":"if","locations":[{"start":{"line":62,"column":10},"end":{"line":62,"column":10}},{"start":{"line":62,"column":10},"end":{"line":62,"column":10}}]},"10":{"line":62,"type":"if","locations":[{"start":{"line":62,"column":22},"end":{"line":62,"column":22}},{"start":{"line":62,"column":22},"end":{"line":62,"column":22}}]},"11":{"line":63,"type":"if","locations":[{"start":{"line":63,"column":2},"end":{"line":63,"column":2}},{"start":{"line":63,"column":2},"end":{"line":63,"column":2}}]},"12":{"line":68,"type":"if","locations":[{"start":{"line":68,"column":2},"end":{"line":68,"column":2}},{"start":{"line":68,"column":2},"end":{"line":68,"column":2}}]},"13":{"line":73,"type":"if","locations":[{"start":{"line":73,"column":9},"end":{"line":73,"column":9}},{"start":{"line":73,"column":9},"end":{"line":73,"column":9}}]},"14":{"line":86,"type":"if","locations":[{"start":{"line":86,"column":3},"end":{"line":86,"column":3}},{"start":{"line":86,"column":3},"end":{"line":86,"column":3}}]},"15":{"line":87,"type":"cond-expr","locations":[{"start":{"line":87,"column":4},"end":{"line":89,"column":21}},{"start":{"line":90,"column":4},"end":{"line":92,"column":21}}]},"16":{"line":97,"type":"if","locations":[{"start":{"line":97,"column":2},"end":{"line":97,"column":2}},{"start":{"line":97,"column":2},"end":{"line":97,"column":2}}]},"17":{"line":98,"type":"cond-expr","locations":[{"start":{"line":98,"column":3},"end":{"line":100,"column":20}},{"start":{"line":101,"column":3},"end":{"line":103,"column":20}}]},"18":{"line":113,"type":"if","locations":[{"start":{"line":113,"column":4},"end":{"line":113,"column":4}},{"start":{"line":113,"column":4},"end":{"line":113,"column":4}}]},"19":{"line":122,"type":"if","locations":[{"start":{"line":122,"column":2},"end":{"line":122,"column":2}},{"start":{"line":122,"column":2},"end":{"line":122,"column":2}}]},"20":{"line":123,"type":"cond-expr","locations":[{"start":{"line":123,"column":3},"end":{"line":123,"column":10}},{"start":{"line":123,"column":15},"end":{"line":123,"column":57}}]}}},
"contracts/TicTacAvaxCross.sol":{"l":{"29":0,"33":0,"37":0,"38":0,"39":0,"40":0,"47":0,"56":0,"60":0,"64":0,"66":0,"71":0,"73":0,"81":0,"90":0,"92":0,"94":0,"96":0,"104":0,"111":0,"116":0,"118":0,"120":0,"128":0,"134":0,"140":0,"141":0,"149":0,"152":0,"160":0,"162":0,"166":0,"167":0,"168":0,"169":0,"173":0,"181":0,"183":0,"187":0,"190":0,"195":0,"200":0,"205":0,"215":0,"217":0,"218":0,"219":0,"220":0,"221":0,"222":0,"224":0,"226":0,"230":0,"232":0,"233":0,"235":0,"236":0,"237":0,"238":0,"239":0,"241":0,"242":0,"244":0,"247":0,"249":0,"253":0,"255":0,"256":0,"257":0,"261":0,"262":0,"263":0,"264":0,"265":0,"266":0,"267":0,"269":0,"271":0},"path":"/Users/salviega/tic-tac-avax/tic-tac-avax-contracts/contracts/TicTacAvaxCross.sol","s":{"1":0,"2":0,"3":0,"4":0,"5":0,"6":0,"7":0,"8":0,"9":0,"10":0,"11":0,"12":0,"13":0,"14":0,"15":0,"16":0,"17":0,"18":0,"19":0,"20":0,"21":0,"22":0,"23":0,"24":0,"25":0,"26":0,"27":0,"28":0,"29":0,"30":0,"31":0,"32":0,"33":0,"34":0,"35":0,"36":0,"37":0,"38":0,"39":0,"40":0,"41":0,"42":0,"43":0,"44":0,"45":0,"46":0,"47":0,"48":0,"49":0,"50":0,"51":0,"52":0,"53":0,"54":0,"55":0,"56":0,"57":0},"b":{"1":[0,0],"2":[0,0],"3":[0,0],"4":[0,0],"5":[0,0],"6":[0,0],"7":[0,0],"8":[0,0],"9":[0,0],"10":[0,0],"11":[0,0],"12":[0,0],"13":[0,0],"14":[0,0],"15":[0,0],"16":[0,0],"17":[0,0],"18":[0,0],"19":[0,0],"20":[0,0],"21":[0,0],"22":[0,0],"23":[0,0]},"f":{"1":0,"2":0,"3":0,"4":0,"5":0,"6":0,"7":0,"8":0,"9":0,"10":0,"11":0,"12":0,"13":0},"fnMap":{"1":{"name":"onlyPlayers","line":28,"loc":{"start":{"line":28,"column":1},"end":{"line":34,"column":1}}},"2":{"name":"validMove","line":36,"loc":{"start":{"line":36,"column":1},"end":{"line":41,"column":1}}},"3":{"name":"constructor","line":46,"loc":{"start":{"line":43,"column":1},"end":{"line":48,"column":1}}},"4":{"name":"startGame","line":50,"loc":{"start":{"line":50,"column":1},"end":{"line":82,"column":1}}},"5":{"name":"makeMove","line":89,"loc":{"start":{"line":84,"column":1},"end":{"line":105,"column":1}}},"6":{"name":"resetGame","line":107,"loc":{"start":{"line":107,"column":1},"end":{"line":129,"column":1}}},"7":{"name":"getBoard","line":133,"loc":{"start":{"line":133,"column":1},"end":{"line":135,"column":1}}},"8":{"name":"checkWin","line":139,"loc":{"start":{"line":139,"column":1},"end":{"line":163,"column":1}}},"9":{"name":"checkDraw","line":165,"loc":{"start":{"line":165,"column":1},"end":{"line":174,"column":1}}},"10":{"name":"_execute","line":176,"loc":{"start":{"line":176,"column":1},"end":{"line":207,"column":1}}},"11":{"name":"_startGame","line":211,"loc":{"start":{"line":211,"column":1},"end":{"line":227,"column":1}}},"12":{"name":"_makeMove","line":229,"loc":{"start":{"line":229,"column":1},"end":{"line":250,"column":1}}},"13":{"name":"_resetGame","line":252,"loc":{"start":{"line":252,"column":1},"end":{"line":272,"column":1}}}},"statementMap":{"1":{"start":{"line":29,"column":2},"end":{"line":29,"column":982}},"2":{"start":{"line":37,"column":2},"end":{"line":37,"column":32}},"3":{"start":{"line":38,"column":2},"end":{"line":38,"column":44}},"4":{"start":{"line":39,"column":2},"end":{"line":39,"column":52}},"5":{"start":{"line":56,"column":2},"end":{"line":56,"column":1569}},"6":{"start":{"line":60,"column":2},"end":{"line":60,"column":1668}},"7":{"start":{"line":64,"column":2},"end":{"line":64,"column":61}},"8":{"start":{"line":66,"column":2},"end":{"line":66,"column":1825}},"9":{"start":{"line":71,"column":2},"end":{"line":71,"column":65}},"10":{"start":{"line":73,"column":2},"end":{"line":73,"column":2002}},"11":{"start":{"line":81,"column":2},"end":{"line":81,"column":70}},"12":{"start":{"line":90,"column":2},"end":{"line":90,"column":63}},"13":{"start":{"line":92,"column":2},"end":{"line":92,"column":44}},"14":{"start":{"line":94,"column":2},"end":{"line":94,"column":53}},"15":{"start":{"line":96,"column":2},"end":{"line":96,"column":2582}},"16":{"start":{"line":104,"column":2},"end":{"line":104,"column":70}},"17":{"start":{"line":111,"column":2},"end":{"line":111,"column":2931}},"18":{"start":{"line":116,"column":2},"end":{"line":116,"column":35}},"19":{"start":{"line":118,"column":2},"end":{"line":118,"column":41}},"20":{"start":{"line":120,"column":2},"end":{"line":120,"column":3144}},"21":{"start":{"line":128,"column":2},"end":{"line":128,"column":70}},"22":{"start":{"line":134,"column":2},"end":{"line":134,"column":14}},"23":{"start":{"line":140,"column":2},"end":{"line":140,"column":3559}},"24":{"start":{"line":141,"column":3},"end":{"line":141,"column":3595}},"25":{"start":{"line":149,"column":4},"end":{"line":149,"column":15}},"26":{"start":{"line":152,"column":2},"end":{"line":152,"column":3823}},"27":{"start":{"line":160,"column":3},"end":{"line":160,"column":14}},"28":{"start":{"line":162,"column":2},"end":{"line":162,"column":14}},"29":{"start":{"line":166,"column":2},"end":{"line":166,"column":4112}},"30":{"start":{"line":167,"column":3},"end":{"line":167,"column":4148}},"31":{"start":{"line":168,"column":4},"end":{"line":168,"column":4185}},"32":{"start":{"line":169,"column":5},"end":{"line":169,"column":17}},"33":{"start":{"line":173,"column":2},"end":{"line":173,"column":20}},"34":{"start":{"line":181,"column":2},"end":{"line":181,"column":53}},"35":{"start":{"line":183,"column":2},"end":{"line":183,"column":4458}},"36":{"start":{"line":187,"column":3},"end":{"line":187,"column":4603}},"37":{"start":{"line":190,"column":3},"end":{"line":190,"column":34}},"38":{"start":{"line":191,"column":9},"end":{"line":191,"column":4723}},"39":{"start":{"line":195,"column":3},"end":{"line":195,"column":4822}},"40":{"start":{"line":200,"column":3},"end":{"line":200,"column":23}},"41":{"start":{"line":201,"column":9},"end":{"line":201,"column":4966}},"42":{"start":{"line":205,"column":3},"end":{"line":205,"column":14}},"43":{"start":{"line":215,"column":2},"end":{"line":215,"column":34}},"44":{"start":{"line":224,"column":2},"end":{"line":224,"column":42}},"45":{"start":{"line":226,"column":2},"end":{"line":226,"column":39}},"46":{"start":{"line":230,"column":2},"end":{"line":230,"column":33}},"47":{"start":{"line":233,"column":2},"end":{"line":233,"column":39}},"48":{"start":{"line":235,"column":2},"end":{"line":235,"column":5714}},"49":{"start":{"line":239,"column":3},"end":{"line":239,"column":27}},"50":{"start":{"line":240,"column":9},"end":{"line":240,"column":5847}},"51":{"start":{"line":242,"column":3},"end":{"line":242,"column":18}},"52":{"start":{"line":249,"column":2},"end":{"line":249,"column":13}},"53":{"start":{"line":253,"column":2},"end":{"line":253,"column":34}},"54":{"start":{"line":255,"column":2},"end":{"line":255,"column":6115}},"55":{"start":{"line":256,"column":3},"end":{"line":256,"column":6151}},"56":{"start":{"line":269,"column":2},"end":{"line":269,"column":18}},"57":{"start":{"line":271,"column":2},"end":{"line":271,"column":13}}},"branchMap":{"1":{"line":29,"type":"if","locations":[{"start":{"line":29,"column":2},"end":{"line":29,"column":2}},{"start":{"line":29,"column":2},"end":{"line":29,"column":2}}]},"2":{"line":30,"type":"cond-expr","locations":[{"start":{"line":30,"column":3},"end":{"line":30,"column":26}},{"start":{"line":30,"column":31},"end":{"line":30,"column":54}}]},"3":{"line":37,"type":"if","locations":[{"start":{"line":37,"column":2},"end":{"line":37,"column":2}},{"start":{"line":37,"column":2},"end":{"line":37,"column":2}}]},"4":{"line":38,"type":"if","locations":[{"start":{"line":38,"column":2},"end":{"line":38,"column":2}},{"start":{"line":38,"column":2},"end":{"line":38,"column":2}}]},"5":{"line":39,"type":"if","locations":[{"start":{"line":39,"column":2},"end":{"line":39,"column":2}},{"start":{"line":39,"column":2},"end":{"line":39,"column":2}}]},"6":{"line":56,"type":"if","locations":[{"start":{"line":56,"column":2},"end":{"line":56,"column":2}},{"start":{"line":56,"column":2},"end":{"line":56,"column":2}}]},"7":{"line":60,"type":"if","locations":[{"start":{"line":60,"column":2},"end":{"line":60,"column":2}},{"start":{"line":60,"column":2},"end":{"line":60,"column":2}}]},"8":{"line":64,"type":"if","locations":[{"start":{"line":64,"column":2},"end":{"line":64,"column":2}},{"start":{"line":64,"column":2},"end":{"line":64,"column":2}}]},"9":{"line":89,"type":"if","locations":[{"start":{"line":89,"column":18},"end":{"line":89,"column":18}},{"start":{"line":89,"column":18},"end":{"line":89,"column":18}}]},"10":{"line":89,"type":"if","locations":[{"start":{"line":89,"column":30},"end":{"line":89,"column":30}},{"start":{"line":89,"column":30},"end":{"line":89,"column":30}}]},"11":{"line":90,"type":"if","locations":[{"start":{"line":90,"column":2},"end":{"line":90,"column":2}},{"start":{"line":90,"column":2},"end":{"line":90,"column":2}}]},"12":{"line":111,"type":"if","locations":[{"start":{"line":111,"column":2},"end":{"line":111,"column":2}},{"start":{"line":111,"column":2},"end":{"line":111,"column":2}}]},"13":{"line":112,"type":"cond-expr","locations":[{"start":{"line":112,"column":3},"end":{"line":112,"column":10}},{"start":{"line":112,"column":15},"end":{"line":112,"column":57}}]},"14":{"line":141,"type":"if","locations":[{"start":{"line":141,"column":3},"end":{"line":141,"column":3}},{"start":{"line":141,"column":3},"end":{"line":141,"column":3}}]},"15":{"line":142,"type":"cond-expr","locations":[{"start":{"line":142,"column":4},"end":{"line":144,"column":21}},{"start":{"line":145,"column":4},"end":{"line":147,"column":21}}]},"16":{"line":152,"type":"if","locations":[{"start":{"line":152,"column":2},"end":{"line":152,"column":2}},{"start":{"line":152,"column":2},"end":{"line":152,"column":2}}]},"17":{"line":153,"type":"cond-expr","locations":[{"start":{"line":153,"column":3},"end":{"line":155,"column":20}},{"start":{"line":156,"column":3},"end":{"line":158,"column":20}}]},"18":{"line":168,"type":"if","locations":[{"start":{"line":168,"column":4},"end":{"line":168,"column":4}},{"start":{"line":168,"column":4},"end":{"line":168,"column":4}}]},"19":{"line":183,"type":"if","locations":[{"start":{"line":183,"column":2},"end":{"line":183,"column":2}},{"start":{"line":183,"column":2},"end":{"line":183,"column":2}}]},"20":{"line":191,"type":"if","locations":[{"start":{"line":191,"column":9},"end":{"line":191,"column":9}},{"start":{"line":191,"column":9},"end":{"line":191,"column":9}}]},"21":{"line":201,"type":"if","locations":[{"start":{"line":201,"column":9},"end":{"line":201,"column":9}},{"start":{"line":201,"column":9},"end":{"line":201,"column":9}}]},"22":{"line":235,"type":"if","locations":[{"start":{"line":235,"column":2},"end":{"line":235,"column":2}},{"start":{"line":235,"column":2},"end":{"line":235,"column":2}}]},"23":{"line":240,"type":"if","locations":[{"start":{"line":240,"column":9},"end":{"line":240,"column":9}},{"start":{"line":240,"column":9},"end":{"line":240,"column":9}}]}}}}
