TN:
SF:/Users/salviega/tic-tac-avax/tic-tac-avax-contracts/contracts/TicTacAvax.sol
FN:21,onlyPlayers
FN:29,validMove
FN:36,constructor
FN:38,startGame
FN:62,makeMove
FN:84,checkWin
FN:110,checkDraw
FN:121,resetGame
FN:144,getBoard
FNF:9
FNH:9
FNDA:30,onlyPlayers
FNDA:29,validMove
FNDA:1,constructor
FNDA:9,startGame
FNDA:26,makeMove
FNDA:26,checkWin
FNDA:22,checkDraw
FNDA:4,resetGame
FNDA:1,getBoard
DA:22,30
DA:26,29
DA:30,29
DA:31,28
DA:32,27
DA:33,26
DA:39,9
DA:43,8
DA:47,7
DA:49,6
DA:50,6
DA:51,6
DA:52,6
DA:53,6
DA:54,6
DA:56,6
DA:63,26
DA:65,25
DA:66,25
DA:68,25
DA:69,3
DA:70,3
DA:71,3
DA:72,3
DA:74,1
DA:75,1
DA:77,21
DA:80,25
DA:81,25
DA:85,26
DA:86,72
DA:94,3
DA:97,23
DA:105,0
DA:107,23
DA:111,22
DA:112,32
DA:113,85
DA:114,21
DA:118,1
DA:122,4
DA:127,3
DA:128,9
DA:129,9
DA:133,3
DA:134,3
DA:135,3
DA:136,3
DA:137,3
DA:138,3
DA:139,3
DA:141,3
DA:145,1
LF:53
LH:52
BRDA:22,1,0,29
BRDA:22,1,1,1
BRDA:23,2,0,17
BRDA:23,2,1,12
BRDA:30,3,0,28
BRDA:30,3,1,1
BRDA:31,4,0,27
BRDA:31,4,1,1
BRDA:32,5,0,26
BRDA:32,5,1,1
BRDA:39,6,0,8
BRDA:39,6,1,1
BRDA:43,7,0,7
BRDA:43,7,1,1
BRDA:47,8,0,6
BRDA:47,8,1,1
BRDA:62,9,0,29
BRDA:62,9,1,1
BRDA:62,10,0,26
BRDA:62,10,1,3
BRDA:63,11,0,25
BRDA:63,11,1,1
BRDA:68,12,0,3
BRDA:68,12,1,22
BRDA:73,13,0,1
BRDA:73,13,1,21
BRDA:86,14,0,3
BRDA:86,14,1,69
BRDA:87,15,0,0
BRDA:87,15,1,3
BRDA:97,16,0,0
BRDA:97,16,1,23
BRDA:98,17,0,0
BRDA:98,17,1,0
BRDA:113,18,0,21
BRDA:113,18,1,64
BRDA:122,19,0,3
BRDA:122,19,1,1
BRDA:123,20,0,2
BRDA:123,20,1,1
BRF:40
BRH:36
end_of_record
TN:
SF:/Users/salviega/tic-tac-avax/tic-tac-avax-contracts/contracts/TicTacAvaxCross.sol
FN:28,onlyPlayers
FN:36,validMove
FN:46,constructor
FN:50,startGame
FN:89,makeMove
FN:107,resetGame
FN:133,getBoard
FN:139,checkWin
FN:165,checkDraw
FN:176,_execute
FN:211,_startGame
FN:229,_makeMove
FN:252,_resetGame
FNF:13
FNH:0
FNDA:0,onlyPlayers
FNDA:0,validMove
FNDA:0,constructor
FNDA:0,startGame
FNDA:0,makeMove
FNDA:0,resetGame
FNDA:0,getBoard
FNDA:0,checkWin
FNDA:0,checkDraw
FNDA:0,_execute
FNDA:0,_startGame
FNDA:0,_makeMove
FNDA:0,_resetGame
DA:29,0
DA:33,0
DA:37,0
DA:38,0
DA:39,0
DA:40,0
DA:47,0
DA:56,0
DA:60,0
DA:64,0
DA:66,0
DA:71,0
DA:73,0
DA:81,0
DA:90,0
DA:92,0
DA:94,0
DA:96,0
DA:104,0
DA:111,0
DA:116,0
DA:118,0
DA:120,0
DA:128,0
DA:134,0
DA:140,0
DA:141,0
DA:149,0
DA:152,0
DA:160,0
DA:162,0
DA:166,0
DA:167,0
DA:168,0
DA:169,0
DA:173,0
DA:181,0
DA:183,0
DA:187,0
DA:190,0
DA:195,0
DA:200,0
DA:205,0
DA:215,0
DA:217,0
DA:218,0
DA:219,0
DA:220,0
DA:221,0
DA:222,0
DA:224,0
DA:226,0
DA:230,0
DA:232,0
DA:233,0
DA:235,0
DA:236,0
DA:237,0
DA:238,0
DA:239,0
DA:241,0
DA:242,0
DA:244,0
DA:247,0
DA:249,0
DA:253,0
DA:255,0
DA:256,0
DA:257,0
DA:261,0
DA:262,0
DA:263,0
DA:264,0
DA:265,0
DA:266,0
DA:267,0
DA:269,0
DA:271,0
LF:78
LH:0
BRDA:29,1,0,0
BRDA:29,1,1,0
BRDA:30,2,0,0
BRDA:30,2,1,0
BRDA:37,3,0,0
BRDA:37,3,1,0
BRDA:38,4,0,0
BRDA:38,4,1,0
BRDA:39,5,0,0
BRDA:39,5,1,0
BRDA:56,6,0,0
BRDA:56,6,1,0
BRDA:60,7,0,0
BRDA:60,7,1,0
BRDA:64,8,0,0
BRDA:64,8,1,0
BRDA:89,9,0,0
BRDA:89,9,1,0
BRDA:89,10,0,0
BRDA:89,10,1,0
BRDA:90,11,0,0
BRDA:90,11,1,0
BRDA:111,12,0,0
BRDA:111,12,1,0
BRDA:112,13,0,0
BRDA:112,13,1,0
BRDA:141,14,0,0
BRDA:141,14,1,0
BRDA:142,15,0,0
BRDA:142,15,1,0
BRDA:152,16,0,0
BRDA:152,16,1,0
BRDA:153,17,0,0
BRDA:153,17,1,0
BRDA:168,18,0,0
BRDA:168,18,1,0
BRDA:183,19,0,0
BRDA:183,19,1,0
BRDA:191,20,0,0
BRDA:191,20,1,0
BRDA:201,21,0,0
BRDA:201,21,1,0
BRDA:235,22,0,0
BRDA:235,22,1,0
BRDA:240,23,0,0
BRDA:240,23,1,0
BRF:46
BRH:0
end_of_record
